生成启动时间为 2016/7/1 10:01:35。
     1>项目“C:\Users\715111\Desktop\test.git\trunk\getvideo\getvideo\getvideo.vcxproj”在节点 2 上(Rebuild 个目标)。
     1>_PrepareForClean:
         正在删除文件“Debug\getvideo.lastbuildstate”。
       InitializeBuildStatus:
         正在对“Debug\getvideo.unsuccessfulbuild”执行 Touch 任务。
       ClCompile:
         D:\Program Files (x86)\Microsoft Visual Studio 11.0\VC\bin\CL.exe /c /I.\inc /ZI /nologo /W3 /WX- /Od /Oy- /D WIN32 /D _DEBUG /D _LIB /D _UNICODE /D UNICODE /Gm /EHsc /RTC1 /MDd /GS /fp:precise /Zc:wchar_t /Zc:forScope /Fo"Debug\\" /Fd"Debug\vc110.pdb" /Gd /TP /analyze- /errorReport:prompt colorspace.cpp net.cpp
         net.cpp
     1>d:\opencv\build\include\opencv2\core\mat.hpp(1965): warning C4819: 该文件包含不能在当前代码页(936)中表示的字符。请将该文件保存为 Unicode 格式以防止数据丢失
     1>d:\opencv\build\include\opencv2\core\persistence.hpp : warning C4819: 该文件包含不能在当前代码页(936)中表示的字符。请将该文件保存为 Unicode 格式以防止数据丢失
     1>d:\opencv\build\include\opencv2\core\utility.hpp : warning C4819: 该文件包含不能在当前代码页(936)中表示的字符。请将该文件保存为 Unicode 格式以防止数据丢失
     1>c:\users\715111\desktop\test.git\trunk\getvideo\getvideo\net.cpp(139): warning C4244: “参数”: 从“double”转换到“DWORD”，可能丢失数据
     1>c:\users\715111\desktop\test.git\trunk\getvideo\getvideo\net.cpp(175): warning C4244: “参数”: 从“double”转换到“DWORD”，可能丢失数据
         colorspace.cpp
         正在生成代码...
       Link:
         D:\Program Files (x86)\Microsoft Visual Studio 11.0\VC\bin\link.exe /ERRORREPORT:PROMPT /OUT:"C:\Users\715111\Desktop\test.git\trunk\getvideo\Debug/getvideo.exe" /NOLOGO /LIBPATH:.\Run opencv_ts300d.lib opencv_world300d.lib kernel32.lib user32.lib gdi32.lib winspool.lib comdlg32.lib advapi32.lib shell32.lib ole32.lib oleaut32.lib uuid.lib odbc32.lib odbccp32.lib /MANIFEST /MANIFESTUAC:"level='asInvoker' uiAccess='false'" /manifest:embed /DEBUG /PDB:"C:\Users\715111\Desktop\test.git\trunk\getvideo\Debug\getvideo.pdb" /SUBSYSTEM:CONSOLE /TLBID:1 /ENTRY:"main" /DYNAMICBASE /NXCOMPAT /IMPLIB:"C:\Users\715111\Desktop\test.git\trunk\getvideo\Debug\getvideo.lib" /MACHINE:X86 /SAFESEH Debug\colorspace.obj
         Debug\net.obj
     1>colorspace.obj : warning LNK4075: 忽略“/EDITANDCONTINUE”(由于“/SAFESEH”规范)
     1>net.obj : warning LNK4210: 存在 .CRT 节；可能有未处理的静态初始值设定项或结束符
     1>MSVCRTD.lib(atonexit.obj) : warning LNK4210: 存在 .CRT 节；可能有未处理的静态初始值设定项或结束符
         getvideo.vcxproj -> C:\Users\715111\Desktop\test.git\trunk\getvideo\Debug\getvideo.exe
       FinalizeBuildStatus:
         正在删除文件“Debug\getvideo.unsuccessfulbuild”。
         正在对“Debug\getvideo.lastbuildstate”执行 Touch 任务。
     1>已完成生成项目“C:\Users\715111\Desktop\test.git\trunk\getvideo\getvideo\getvideo.vcxproj”(Rebuild 个目标)的操作。

生成成功。

已用时间 00:00:03.08
